<?xml version="1.0" encoding="utf-8"?>
<coverage line-rate="0.9283" branch-rate="0.86" version="1.9" timestamp="1774146748" lines-covered="609" lines-valid="656" branches-covered="215" branches-valid="250">
  <sources>
    <source>C:\Users\Jason\Documents\KestrelMock\KestrelMock\</source>
  </sources>
  <packages>
    <package name="KestrelMockServer" line-rate="0.9283" branch-rate="0.86" complexity="311">
      <classes>
        <class name="KestrelMockServer.KestrelMock" filename="KestrelMock.cs" line-rate="0.9259000000000001" branch-rate="0.8332999999999999" complexity="9">
          <methods>
            <method name="RunAsync" signature="(Microsoft.Extensions.Configuration.IConfiguration,System.String[])" line-rate="1" branch-rate="1" complexity="1">
              <lines>
                <line number="16" hits="1" branch="False" />
                <line number="17" hits="1" branch="False" />
                <line number="18" hits="1" branch="False" />
                <line number="19" hits="1" branch="False" />
                <line number="20" hits="1" branch="False" />
              </lines>
            </method>
            <method name="Run" signature="(Microsoft.Extensions.Configuration.IConfiguration,System.String[])" line-rate="0.6" branch-rate="1" complexity="1">
              <lines>
                <line number="23" hits="1" branch="False" />
                <line number="24" hits="1" branch="False" />
                <line number="25" hits="1" branch="False" />
                <line number="26" hits="0" branch="False" />
                <line number="27" hits="0" branch="False" />
              </lines>
            </method>
            <method name="CreateWebHostBuilder" signature="(System.String[],Microsoft.Extensions.Configuration.IConfiguration)" line-rate="1" branch-rate="1" complexity="1">
              <lines>
                <line number="30" hits="1" branch="False" />
                <line number="31" hits="1" branch="False" />
                <line number="32" hits="1" branch="False" />
                <line number="33" hits="1" branch="False" />
              </lines>
            </method>
            <method name="DoRunValidation" signature="(Microsoft.Extensions.Configuration.IConfiguration)" line-rate="1" branch-rate="1" complexity="2">
              <lines>
                <line number="36" hits="2" branch="False" />
                <line number="37" hits="3" branch="False" />
                <line number="39" hits="2" branch="True" condition-coverage="100% (2/2)">
                  <conditions>
                    <condition number="50" type="jump" coverage="100%" />
                  </conditions>
                </line>
                <line number="40" hits="1" branch="False" />
                <line number="41" hits="1" branch="False" />
                <line number="43" hits="1" branch="False" />
              </lines>
            </method>
            <method name="GetUrlsOrDefault" signature="(System.String[])" line-rate="1" branch-rate="0.75" complexity="4">
              <lines>
                <line number="46" hits="2" branch="False" />
                <line number="47" hits="2" branch="True" condition-coverage="75% (3/4)">
                  <conditions>
                    <condition number="2" type="jump" coverage="50%" />
                    <condition number="18" type="jump" coverage="100%" />
                  </conditions>
                </line>
                <line number="48" hits="2" branch="False" />
                <line number="49" hits="2" branch="False" />
                <line number="50" hits="2" branch="False" />
                <line number="52" hits="2" branch="False" />
                <line number="53" hits="2" branch="False" />
              </lines>
            </method>
          </methods>
          <lines>
            <line number="16" hits="1" branch="False" />
            <line number="17" hits="1" branch="False" />
            <line number="18" hits="1" branch="False" />
            <line number="19" hits="1" branch="False" />
            <line number="20" hits="1" branch="False" />
            <line number="23" hits="1" branch="False" />
            <line number="24" hits="1" branch="False" />
            <line number="25" hits="1" branch="False" />
            <line number="26" hits="0" branch="False" />
            <line number="27" hits="0" branch="False" />
            <line number="30" hits="1" branch="False" />
            <line number="31" hits="1" branch="False" />
            <line number="32" hits="1" branch="False" />
            <line number="33" hits="1" branch="False" />
            <line number="36" hits="2" branch="False" />
            <line number="37" hits="3" branch="False" />
            <line number="39" hits="2" branch="True" condition-coverage="100% (2/2)">
              <conditions>
                <condition number="50" type="jump" coverage="100%" />
              </conditions>
            </line>
            <line number="40" hits="1" branch="False" />
            <line number="41" hits="1" branch="False" />
            <line number="43" hits="1" branch="False" />
            <line number="46" hits="2" branch="False" />
            <line number="47" hits="2" branch="True" condition-coverage="75% (3/4)">
              <conditions>
                <condition number="2" type="jump" coverage="50%" />
                <condition number="18" type="jump" coverage="100%" />
              </conditions>
            </line>
            <line number="48" hits="2" branch="False" />
            <line number="49" hits="2" branch="False" />
            <line number="50" hits="2" branch="False" />
            <line number="52" hits="2" branch="False" />
            <line number="53" hits="2" branch="False" />
          </lines>
        </class>
        <class name="KestrelMockServer.Startup" filename="Startup.cs" line-rate="1" branch-rate="0.6666" complexity="9">
          <methods>
            <method name="ConfigureServices" signature="(Microsoft.Extensions.DependencyInjection.IServiceCollection)" line-rate="1" branch-rate="1" complexity="1">
              <lines>
                <line number="24" hits="40" branch="False" />
                <line number="25" hits="40" branch="False" />
                <line number="26" hits="40" branch="False" />
                <line number="27" hits="40" branch="False" />
                <line number="28" hits="40" branch="False" />
                <line number="29" hits="40" branch="False" />
                <line number="30" hits="40" branch="False" />
                <line number="31" hits="40" branch="False" />
                <line number="32" hits="40" branch="False" />
                <line number="33" hits="40" branch="False" />
                <line number="34" hits="40" branch="False" />
                <line number="35" hits="280" branch="False" />
                <line number="36" hits="80" branch="False" />
                <line number="37" hits="80" branch="False" />
                <line number="38" hits="80" branch="False" />
                <line number="39" hits="80" branch="False" />
                <line number="40" hits="40" branch="False" />
              </lines>
            </method>
            <method name="Configure" signature="(Microsoft.AspNetCore.Builder.IApplicationBuilder)" line-rate="1" branch-rate="1" complexity="1">
              <lines>
                <line number="43" hits="40" branch="False" />
                <line number="44" hits="40" branch="False" />
                <line number="45" hits="40" branch="False" />
              </lines>
            </method>
            <method name=".ctor" signature="(Microsoft.Extensions.Configuration.IConfiguration)" line-rate="1" branch-rate="1" complexity="1">
              <lines>
                <line number="18" hits="40" branch="False" />
                <line number="19" hits="40" branch="False" />
                <line number="20" hits="40" branch="False" />
                <line number="21" hits="40" branch="False" />
              </lines>
            </method>
          </methods>
          <lines>
            <line number="24" hits="40" branch="False" />
            <line number="25" hits="40" branch="False" />
            <line number="26" hits="40" branch="False" />
            <line number="27" hits="40" branch="False" />
            <line number="28" hits="40" branch="False" />
            <line number="29" hits="40" branch="False" />
            <line number="30" hits="40" branch="False" />
            <line number="31" hits="40" branch="False" />
            <line number="32" hits="40" branch="False" />
            <line number="33" hits="40" branch="False" />
            <line number="34" hits="40" branch="False" />
            <line number="35" hits="280" branch="False" />
            <line number="36" hits="80" branch="False" />
            <line number="37" hits="80" branch="False" />
            <line number="38" hits="80" branch="False" />
            <line number="39" hits="80" branch="False" />
            <line number="40" hits="40" branch="False" />
            <line number="43" hits="40" branch="False" />
            <line number="44" hits="40" branch="False" />
            <line number="45" hits="40" branch="False" />
            <line number="18" hits="40" branch="False" />
            <line number="19" hits="40" branch="False" />
            <line number="20" hits="40" branch="False" />
            <line number="21" hits="40" branch="False" />
          </lines>
        </class>
        <class name="KestrelMockServer.Settings.HttpMockSetting" filename="Settings\HttpMockSetting.cs" line-rate="1" branch-rate="1" complexity="4">
          <methods>
            <method name="get_Id" signature="()" line-rate="1" branch-rate="1" complexity="1">
              <lines>
                <line number="7" hits="431" branch="False" />
              </lines>
            </method>
            <method name="get_Request" signature="()" line-rate="1" branch-rate="1" complexity="1">
              <lines>
                <line number="9" hits="732" branch="False" />
              </lines>
            </method>
            <method name="get_Response" signature="()" line-rate="1" branch-rate="1" complexity="1">
              <lines>
                <line number="11" hits="378" branch="False" />
              </lines>
            </method>
            <method name="get_Watch" signature="()" line-rate="1" branch-rate="1" complexity="1">
              <lines>
                <line number="13" hits="228" branch="False" />
              </lines>
            </method>
          </methods>
          <lines>
            <line number="7" hits="431" branch="False" />
            <line number="9" hits="732" branch="False" />
            <line number="11" hits="378" branch="False" />
            <line number="13" hits="228" branch="False" />
          </lines>
        </class>
        <class name="KestrelMockServer.Settings.Replace" filename="Settings\Replace.cs" line-rate="0.8" branch-rate="1" complexity="5">
          <methods>
            <method name="get_UriTemplate" signature="()" line-rate="1" branch-rate="1" complexity="1">
              <lines>
                <line number="7" hits="23" branch="False" />
              </lines>
            </method>
            <method name="get_BodyReplacements" signature="()" line-rate="1" branch-rate="1" complexity="1">
              <lines>
                <line number="8" hits="8" branch="False" />
              </lines>
            </method>
            <method name="get_UriPathReplacements" signature="()" line-rate="1" branch-rate="1" complexity="1">
              <lines>
                <line number="9" hits="24" branch="False" />
              </lines>
            </method>
            <method name="get_RegexUriReplacements" signature="()" line-rate="1" branch-rate="1" complexity="1">
              <lines>
                <line number="10" hits="6" branch="False" />
              </lines>
            </method>
            <method name="get_ContentType" signature="()" line-rate="0" branch-rate="1" complexity="1">
              <lines>
                <line number="11" hits="0" branch="False" />
              </lines>
            </method>
          </methods>
          <lines>
            <line number="7" hits="23" branch="False" />
            <line number="8" hits="8" branch="False" />
            <line number="9" hits="24" branch="False" />
            <line number="10" hits="6" branch="False" />
            <line number="11" hits="0" branch="False" />
          </lines>
        </class>
        <class name="KestrelMockServer.Settings.Request" filename="Settings\Request.cs" line-rate="1" branch-rate="1" complexity="7">
          <methods>
            <method name="get_Methods" signature="()" line-rate="1" branch-rate="1" complexity="1">
              <lines>
                <line number="7" hits="329" branch="False" />
              </lines>
            </method>
            <method name="get_Path" signature="()" line-rate="1" branch-rate="1" complexity="1">
              <lines>
                <line number="9" hits="223" branch="False" />
              </lines>
            </method>
            <method name="get_PathStartsWith" signature="()" line-rate="1" branch-rate="1" complexity="1">
              <lines>
                <line number="11" hits="271" branch="False" />
              </lines>
            </method>
            <method name="get_BodyContains" signature="()" line-rate="1" branch-rate="1" complexity="1">
              <lines>
                <line number="13" hits="272" branch="False" />
              </lines>
            </method>
            <method name="get_BodyContainsArray" signature="()" line-rate="1" branch-rate="1" complexity="1">
              <lines>
                <line number="15" hits="226" branch="False" />
              </lines>
            </method>
            <method name="get_BodyDoesNotContain" signature="()" line-rate="1" branch-rate="1" complexity="1">
              <lines>
                <line number="17" hits="230" branch="False" />
              </lines>
            </method>
            <method name="get_PathMatchesRegex" signature="()" line-rate="1" branch-rate="1" complexity="1">
              <lines>
                <line number="19" hits="189" branch="False" />
              </lines>
            </method>
          </methods>
          <lines>
            <line number="7" hits="329" branch="False" />
            <line number="9" hits="223" branch="False" />
            <line number="11" hits="271" branch="False" />
            <line number="13" hits="272" branch="False" />
            <line number="15" hits="226" branch="False" />
            <line number="17" hits="230" branch="False" />
            <line number="19" hits="189" branch="False" />
          </lines>
        </class>
        <class name="KestrelMockServer.Settings.Response" filename="Settings\Response.cs" line-rate="1" branch-rate="1" complexity="5">
          <methods>
            <method name="get_Status" signature="()" line-rate="1" branch-rate="1" complexity="1">
              <lines>
                <line number="8" hits="167" branch="False" />
              </lines>
            </method>
            <method name="get_Headers" signature="()" line-rate="1" branch-rate="1" complexity="1">
              <lines>
                <line number="10" hits="207" branch="False" />
              </lines>
            </method>
            <method name="get_Body" signature="()" line-rate="1" branch-rate="1" complexity="1">
              <lines>
                <line number="12" hits="268" branch="False" />
              </lines>
            </method>
            <method name="get_BodyFromFilePath" signature="()" line-rate="1" branch-rate="1" complexity="1">
              <lines>
                <line number="14" hits="236" branch="False" />
              </lines>
            </method>
            <method name="get_Replace" signature="()" line-rate="1" branch-rate="1" complexity="1">
              <lines>
                <line number="16" hits="254" branch="False" />
              </lines>
            </method>
          </methods>
          <lines>
            <line number="8" hits="167" branch="False" />
            <line number="10" hits="207" branch="False" />
            <line number="12" hits="268" branch="False" />
            <line number="14" hits="236" branch="False" />
            <line number="16" hits="254" branch="False" />
          </lines>
        </class>
        <class name="KestrelMockServer.Settings.UriTemplate" filename="Settings\UriTemplate.cs" line-rate="0.9791" branch-rate="1" complexity="15">
          <methods>
            <method name="get_PathAndQuery" signature="()" line-rate="0" branch-rate="1" complexity="1">
              <lines>
                <line number="12" hits="0" branch="False" />
              </lines>
            </method>
            <method name="get_Path" signature="()" line-rate="1" branch-rate="1" complexity="1">
              <lines>
                <line number="13" hits="14" branch="False" />
              </lines>
            </method>
            <method name="get_QueryParameters" signature="()" line-rate="1" branch-rate="1" complexity="1">
              <lines>
                <line number="14" hits="11" branch="False" />
              </lines>
            </method>
            <method name="Parse" signature="(System.String)" line-rate="1" branch-rate="1" complexity="10">
              <lines>
                <line number="29" hits="14" branch="False" />
                <line number="30" hits="14" branch="False" />
                <line number="32" hits="14" branch="False" />
                <line number="34" hits="14" branch="False" />
                <line number="36" hits="100" branch="True" condition-coverage="100% (2/2)">
                  <conditions>
                    <condition number="160" type="jump" coverage="100%" />
                  </conditions>
                </line>
                <line number="37" hits="29" branch="False" />
                <line number="38" hits="29" branch="False" />
                <line number="39" hits="29" branch="False" />
                <line number="40" hits="29" branch="False" />
                <line number="41" hits="29" branch="False" />
                <line number="43" hits="14" branch="False" />
                <line number="44" hits="14" branch="False" />
                <line number="46" hits="14" branch="False" />
                <line number="48" hits="100" branch="True" condition-coverage="100% (2/2)">
                  <conditions>
                    <condition number="274" type="jump" coverage="100%" />
                  </conditions>
                </line>
                <line number="49" hits="29" branch="False" />
                <line number="50" hits="29" branch="False" />
                <line number="51" hits="29" branch="False" />
                <line number="53" hits="14" branch="False" />
                <line number="55" hits="14" branch="False" />
                <line number="56" hits="46" branch="False" />
                <line number="58" hits="14" branch="True" condition-coverage="100% (2/2)">
                  <conditions>
                    <condition number="382" type="jump" coverage="100%" />
                  </conditions>
                </line>
                <line number="59" hits="11" branch="False" />
                <line number="60" hits="55" branch="True" condition-coverage="100% (2/2)">
                  <conditions>
                    <condition number="480" type="jump" coverage="100%" />
                  </conditions>
                </line>
                <line number="61" hits="11" branch="False" />
                <line number="62" hits="11" branch="True" condition-coverage="100% (2/2)">
                  <conditions>
                    <condition number="425" type="jump" coverage="100%" />
                  </conditions>
                </line>
                <line number="63" hits="8" branch="False" />
                <line number="64" hits="8" branch="False" />
                <line number="65" hits="8" branch="False" />
                <line number="67" hits="3" branch="False" />
                <line number="68" hits="3" branch="False" />
                <line number="69" hits="3" branch="False" />
                <line number="70" hits="11" branch="False" />
                <line number="71" hits="11" branch="False" />
                <line number="73" hits="14" branch="False" />
                <line number="74" hits="14" branch="False" />
              </lines>
            </method>
            <method name=".ctor" signature="(System.String)" line-rate="1" branch-rate="1" complexity="1">
              <lines>
                <line number="21" hits="14" branch="False" />
                <line number="22" hits="14" branch="False" />
                <line number="23" hits="14" branch="False" />
                <line number="24" hits="14" branch="False" />
                <line number="25" hits="14" branch="False" />
                <line number="26" hits="14" branch="False" />
              </lines>
            </method>
            <method name=".cctor" signature="()" line-rate="1" branch-rate="1" complexity="1">
              <lines>
                <line number="16" hits="1" branch="False" />
                <line number="17" hits="1" branch="False" />
                <line number="18" hits="1" branch="False" />
                <line number="19" hits="1" branch="False" />
              </lines>
            </method>
          </methods>
          <lines>
            <line number="12" hits="0" branch="False" />
            <line number="13" hits="14" branch="False" />
            <line number="14" hits="11" branch="False" />
            <line number="29" hits="14" branch="False" />
            <line number="30" hits="14" branch="False" />
            <line number="32" hits="14" branch="False" />
            <line number="34" hits="14" branch="False" />
            <line number="36" hits="100" branch="True" condition-coverage="100% (2/2)">
              <conditions>
                <condition number="160" type="jump" coverage="100%" />
              </conditions>
            </line>
            <line number="37" hits="29" branch="False" />
            <line number="38" hits="29" branch="False" />
            <line number="39" hits="29" branch="False" />
            <line number="40" hits="29" branch="False" />
            <line number="41" hits="29" branch="False" />
            <line number="43" hits="14" branch="False" />
            <line number="44" hits="14" branch="False" />
            <line number="46" hits="14" branch="False" />
            <line number="48" hits="100" branch="True" condition-coverage="100% (2/2)">
              <conditions>
                <condition number="274" type="jump" coverage="100%" />
              </conditions>
            </line>
            <line number="49" hits="29" branch="False" />
            <line number="50" hits="29" branch="False" />
            <line number="51" hits="29" branch="False" />
            <line number="53" hits="14" branch="False" />
            <line number="55" hits="14" branch="False" />
            <line number="56" hits="46" branch="False" />
            <line number="58" hits="14" branch="True" condition-coverage="100% (2/2)">
              <conditions>
                <condition number="382" type="jump" coverage="100%" />
              </conditions>
            </line>
            <line number="59" hits="11" branch="False" />
            <line number="60" hits="55" branch="True" condition-coverage="100% (2/2)">
              <conditions>
                <condition number="480" type="jump" coverage="100%" />
              </conditions>
            </line>
            <line number="61" hits="11" branch="False" />
            <line number="62" hits="11" branch="True" condition-coverage="100% (2/2)">
              <conditions>
                <condition number="425" type="jump" coverage="100%" />
              </conditions>
            </line>
            <line number="63" hits="8" branch="False" />
            <line number="64" hits="8" branch="False" />
            <line number="65" hits="8" branch="False" />
            <line number="67" hits="3" branch="False" />
            <line number="68" hits="3" branch="False" />
            <line number="69" hits="3" branch="False" />
            <line number="70" hits="11" branch="False" />
            <line number="71" hits="11" branch="False" />
            <line number="73" hits="14" branch="False" />
            <line number="74" hits="14" branch="False" />
            <line number="21" hits="14" branch="False" />
            <line number="22" hits="14" branch="False" />
            <line number="23" hits="14" branch="False" />
            <line number="24" hits="14" branch="False" />
            <line number="25" hits="14" branch="False" />
            <line number="26" hits="14" branch="False" />
            <line number="16" hits="1" branch="False" />
            <line number="17" hits="1" branch="False" />
            <line number="18" hits="1" branch="False" />
            <line number="19" hits="1" branch="False" />
          </lines>
        </class>
        <class name="KestrelMockServer.Settings.Watch" filename="Settings\Watch.cs" line-rate="1" branch-rate="1" complexity="2">
          <methods>
            <method name="get_Id" signature="()" line-rate="1" branch-rate="1" complexity="1">
              <lines>
                <line number="7" hits="16" branch="False" />
              </lines>
            </method>
            <method name="get_RequestLogLimit" signature="()" line-rate="1" branch-rate="1" complexity="1">
              <lines>
                <line number="9" hits="6" branch="False" />
              </lines>
            </method>
          </methods>
          <lines>
            <line number="7" hits="16" branch="False" />
            <line number="9" hits="6" branch="False" />
          </lines>
        </class>
        <class name="KestrelMockServer.Services.BodyRewriterService" filename="Services\BodyRewriterService.cs" line-rate="1" branch-rate="0.5" complexity="4">
          <methods>
            <method name="RegexBodyRewrite" signature="(System.String,System.String,System.String)" line-rate="1" branch-rate="0.5" complexity="4">
              <lines>
                <line number="8" hits="21" branch="False" />
                <line number="9" hits="21" branch="False" />
                <line number="10" hits="21" branch="False" />
                <line number="11" hits="21" branch="True" condition-coverage="50% (1/2)">
                  <conditions>
                    <condition number="96" type="jump" coverage="50%" />
                  </conditions>
                </line>
                <line number="14" hits="21" branch="False" />
                <line number="15" hits="21" branch="False" />
                <line number="16" hits="21" branch="True" condition-coverage="50% (1/2)">
                  <conditions>
                    <condition number="152" type="jump" coverage="50%" />
                  </conditions>
                </line>
                <line number="18" hits="21" branch="False" />
                <line number="19" hits="21" branch="False" />
              </lines>
            </method>
          </methods>
          <lines>
            <line number="8" hits="21" branch="False" />
            <line number="9" hits="21" branch="False" />
            <line number="10" hits="21" branch="False" />
            <line number="11" hits="21" branch="True" condition-coverage="50% (1/2)">
              <conditions>
                <condition number="96" type="jump" coverage="50%" />
              </conditions>
            </line>
            <line number="14" hits="21" branch="False" />
            <line number="15" hits="21" branch="False" />
            <line number="16" hits="21" branch="True" condition-coverage="50% (1/2)">
              <conditions>
                <condition number="152" type="jump" coverage="50%" />
              </conditions>
            </line>
            <line number="18" hits="21" branch="False" />
            <line number="19" hits="21" branch="False" />
          </lines>
        </class>
        <class name="KestrelMockServer.Services.BodyWriterService" filename="Services\BodyWriterService.cs" line-rate="0.5555" branch-rate="0.6363" complexity="23">
          <methods>
            <method name="UpdateBody" signature="(System.String,KestrelMockServer.Settings.Response,System.String)" line-rate="0.7272" branch-rate="0.7777" complexity="18">
              <lines>
                <line number="18" hits="6" branch="False" />
                <line number="19" hits="6" branch="True" condition-coverage="50% (2/4)">
                  <conditions>
                    <condition number="13" type="jump" coverage="50%" />
                    <condition number="26" type="jump" coverage="50%" />
                  </conditions>
                </line>
                <line number="20" hits="0" branch="False" />
                <line number="21" hits="0" branch="True" condition-coverage="0% (0/2)">
                  <conditions>
                    <condition number="76" type="jump" coverage="0%" />
                  </conditions>
                </line>
                <line number="22" hits="0" branch="False" />
                <line number="23" hits="0" branch="False" />
                <line number="24" hits="0" branch="False" />
                <line number="25" hits="0" branch="False" />
                <line number="27" hits="6" branch="True" condition-coverage="100% (4/4)">
                  <conditions>
                    <condition number="108" type="jump" coverage="100%" />
                    <condition number="121" type="jump" coverage="100%" />
                  </conditions>
                </line>
                <line number="28" hits="1" branch="False" />
                <line number="29" hits="5" branch="True" condition-coverage="100% (2/2)">
                  <conditions>
                    <condition number="185" type="jump" coverage="100%" />
                  </conditions>
                </line>
                <line number="30" hits="1" branch="False" />
                <line number="31" hits="1" branch="False" />
                <line number="32" hits="1" branch="False" />
                <line number="33" hits="1" branch="False" />
                <line number="35" hits="6" branch="True" condition-coverage="100% (6/6)">
                  <conditions>
                    <condition number="217" type="jump" coverage="100%" />
                    <condition number="228" type="jump" coverage="100%" />
                    <condition number="251" type="jump" coverage="100%" />
                  </conditions>
                </line>
                <line number="36" hits="6" branch="False" />
                <line number="37" hits="5" branch="False" />
                <line number="38" hits="5" branch="False" />
                <line number="39" hits="5" branch="False" />
                <line number="41" hits="6" branch="False" />
                <line number="42" hits="6" branch="False" />
              </lines>
            </method>
            <method name="RegexUriReplace" signature="(System.String,System.String,System.Collections.Generic.KeyValuePair`2&lt;System.String,System.String&gt;)" line-rate="0" branch-rate="0" complexity="4">
              <lines>
                <line number="45" hits="0" branch="False" />
                <line number="46" hits="0" branch="False" />
                <line number="48" hits="0" branch="True" condition-coverage="0% (0/2)">
                  <conditions>
                    <condition number="23" type="jump" coverage="0%" />
                  </conditions>
                </line>
                <line number="49" hits="0" branch="False" />
                <line number="50" hits="0" branch="True" condition-coverage="0% (0/2)">
                  <conditions>
                    <condition number="38" type="jump" coverage="0%" />
                  </conditions>
                </line>
                <line number="51" hits="0" branch="False" />
                <line number="53" hits="0" branch="False" />
                <line number="54" hits="0" branch="False" />
                <line number="56" hits="0" branch="False" />
                <line number="57" hits="0" branch="False" />
              </lines>
            </method>
            <method name=".ctor" signature="(KestrelMockServer.Services.IUriPathReplaceService)" line-rate="1" branch-rate="1" complexity="1">
              <lines>
                <line number="12" hits="40" branch="False" />
                <line number="13" hits="40" branch="False" />
                <line number="14" hits="40" branch="False" />
                <line number="15" hits="40" branch="False" />
              </lines>
            </method>
          </methods>
          <lines>
            <line number="18" hits="6" branch="False" />
            <line number="19" hits="6" branch="True" condition-coverage="50% (2/4)">
              <conditions>
                <condition number="13" type="jump" coverage="50%" />
                <condition number="26" type="jump" coverage="50%" />
              </conditions>
            </line>
            <line number="20" hits="0" branch="False" />
            <line number="21" hits="0" branch="True" condition-coverage="0% (0/2)">
              <conditions>
                <condition number="76" type="jump" coverage="0%" />
              </conditions>
            </line>
            <line number="22" hits="0" branch="False" />
            <line number="23" hits="0" branch="False" />
            <line number="24" hits="0" branch="False" />
            <line number="25" hits="0" branch="False" />
            <line number="27" hits="6" branch="True" condition-coverage="100% (4/4)">
              <conditions>
                <condition number="108" type="jump" coverage="100%" />
                <condition number="121" type="jump" coverage="100%" />
              </conditions>
            </line>
            <line number="28" hits="1" branch="False" />
            <line number="29" hits="5" branch="True" condition-coverage="100% (2/2)">
              <conditions>
                <condition number="185" type="jump" coverage="100%" />
              </conditions>
            </line>
            <line number="30" hits="1" branch="False" />
            <line number="31" hits="1" branch="False" />
            <line number="32" hits="1" branch="False" />
            <line number="33" hits="1" branch="False" />
            <line number="35" hits="6" branch="True" condition-coverage="100% (6/6)">
              <conditions>
                <condition number="217" type="jump" coverage="100%" />
                <condition number="228" type="jump" coverage="100%" />
                <condition number="251" type="jump" coverage="100%" />
              </conditions>
            </line>
            <line number="36" hits="6" branch="False" />
            <line number="37" hits="5" branch="False" />
            <line number="38" hits="5" branch="False" />
            <line number="39" hits="5" branch="False" />
            <line number="41" hits="6" branch="False" />
            <line number="42" hits="6" branch="False" />
            <line number="45" hits="0" branch="False" />
            <line number="46" hits="0" branch="False" />
            <line number="48" hits="0" branch="True" condition-coverage="0% (0/2)">
              <conditions>
                <condition number="23" type="jump" coverage="0%" />
              </conditions>
            </line>
            <line number="49" hits="0" branch="False" />
            <line number="50" hits="0" branch="True" condition-coverage="0% (0/2)">
              <conditions>
                <condition number="38" type="jump" coverage="0%" />
              </conditions>
            </line>
            <line number="51" hits="0" branch="False" />
            <line number="53" hits="0" branch="False" />
            <line number="54" hits="0" branch="False" />
            <line number="56" hits="0" branch="False" />
            <line number="57" hits="0" branch="False" />
            <line number="12" hits="40" branch="False" />
            <line number="13" hits="40" branch="False" />
            <line number="14" hits="40" branch="False" />
            <line number="15" hits="40" branch="False" />
          </lines>
        </class>
        <class name="KestrelMockServer.Services.DynamicMockAddedResponse" filename="Services\DynamicMockAddedResponse.cs" line-rate="1" branch-rate="1" complexity="6">
          <methods>
            <method name="get_Message" signature="()" line-rate="1" branch-rate="1" complexity="1">
              <lines>
                <line number="7" hits="14" branch="False" />
              </lines>
            </method>
            <method name="get_Watch" signature="()" line-rate="1" branch-rate="1" complexity="1">
              <lines>
                <line number="9" hits="10" branch="False" />
              </lines>
            </method>
            <method name="Create" signature="(KestrelMockServer.Settings.HttpMockSetting)" line-rate="1" branch-rate="1" complexity="4">
              <lines>
                <line number="12" hits="9" branch="False" />
                <line number="13" hits="9" branch="True" condition-coverage="100% (2/2)">
                  <conditions>
                    <condition number="7" type="jump" coverage="100%" />
                  </conditions>
                </line>
                <line number="14" hits="2" branch="False" />
                <line number="15" hits="2" branch="False" />
                <line number="16" hits="2" branch="False" />
                <line number="17" hits="2" branch="False" />
                <line number="18" hits="2" branch="False" />
                <line number="21" hits="7" branch="True" condition-coverage="100% (2/2)">
                  <conditions>
                    <condition number="41" type="jump" coverage="100%" />
                  </conditions>
                </line>
                <line number="22" hits="3" branch="False" />
                <line number="23" hits="3" branch="False" />
                <line number="24" hits="3" branch="False" />
                <line number="25" hits="3" branch="False" />
                <line number="26" hits="3" branch="False" />
                <line number="29" hits="4" branch="False" />
                <line number="30" hits="4" branch="False" />
                <line number="31" hits="4" branch="False" />
                <line number="32" hits="4" branch="False" />
                <line number="33" hits="4" branch="False" />
                <line number="34" hits="9" branch="False" />
              </lines>
            </method>
          </methods>
          <lines>
            <line number="7" hits="14" branch="False" />
            <line number="9" hits="10" branch="False" />
            <line number="12" hits="9" branch="False" />
            <line number="13" hits="9" branch="True" condition-coverage="100% (2/2)">
              <conditions>
                <condition number="7" type="jump" coverage="100%" />
              </conditions>
            </line>
            <line number="14" hits="2" branch="False" />
            <line number="15" hits="2" branch="False" />
            <line number="16" hits="2" branch="False" />
            <line number="17" hits="2" branch="False" />
            <line number="18" hits="2" branch="False" />
            <line number="21" hits="7" branch="True" condition-coverage="100% (2/2)">
              <conditions>
                <condition number="41" type="jump" coverage="100%" />
              </conditions>
            </line>
            <line number="22" hits="3" branch="False" />
            <line number="23" hits="3" branch="False" />
            <line number="24" hits="3" branch="False" />
            <line number="25" hits="3" branch="False" />
            <line number="26" hits="3" branch="False" />
            <line number="29" hits="4" branch="False" />
            <line number="30" hits="4" branch="False" />
            <line number="31" hits="4" branch="False" />
            <line number="32" hits="4" branch="False" />
            <line number="33" hits="4" branch="False" />
            <line number="34" hits="9" branch="False" />
          </lines>
        </class>
        <class name="KestrelMockServer.Services.InputMappingParser" filename="Services\InputMappingParser.cs" line-rate="1" branch-rate="1" complexity="1">
          <methods>
            <method name=".ctor" signature="(Microsoft.Extensions.Options.IOptions`1&lt;KestrelMockServer.Settings.MockConfiguration&gt;)" line-rate="1" branch-rate="1" complexity="1">
              <lines>
                <line number="18" hits="39" branch="False" />
                <line number="19" hits="39" branch="False" />
                <line number="20" hits="39" branch="False" />
                <line number="21" hits="39" branch="False" />
              </lines>
            </method>
          </methods>
          <lines>
            <line number="18" hits="39" branch="False" />
            <line number="19" hits="39" branch="False" />
            <line number="20" hits="39" branch="False" />
            <line number="21" hits="39" branch="False" />
          </lines>
        </class>
        <class name="KestrelMockServer.Services.InputMappingParser/&lt;LoadBodyFromFile&gt;d__3" filename="Services\InputMappingParser.cs" line-rate="1" branch-rate="1" complexity="12">
          <methods>
            <method name="MoveNext" signature="()" line-rate="1" branch-rate="1" complexity="12">
              <lines>
                <line number="119" hits="40" branch="False" />
                <line number="120" hits="40" branch="False" />
                <line number="121" hits="140" branch="True" condition-coverage="100% (2/2)">
                  <conditions>
                    <condition number="215" type="jump" coverage="100%" />
                  </conditions>
                </line>
                <line number="122" hits="10" branch="False" />
                <line number="123" hits="52" branch="True" condition-coverage="100% (2/2)">
                  <conditions>
                    <condition number="160" type="jump" coverage="100%" />
                  </conditions>
                </line>
                <line number="124" hits="11" branch="False" />
                <line number="125" hits="11" branch="False" />
                <line number="126" hits="11" branch="False" />
                <line number="127" hits="10" branch="False" />
                <line number="129" hits="192" branch="True" condition-coverage="100% (2/2)">
                  <conditions>
                    <condition number="344" type="jump" coverage="100%" />
                  </conditions>
                </line>
                <line number="130" hits="36" branch="False" />
                <line number="131" hits="36" branch="False" />
                <line number="132" hits="36" branch="False" />
                <line number="134" hits="152" branch="True" condition-coverage="100% (2/2)">
                  <conditions>
                    <condition number="566" type="jump" coverage="100%" />
                  </conditions>
                </line>
                <line number="135" hits="16" branch="False" />
                <line number="136" hits="104" branch="True" condition-coverage="100% (2/2)">
                  <conditions>
                    <condition number="511" type="jump" coverage="100%" />
                  </conditions>
                </line>
                <line number="137" hits="28" branch="False" />
                <line number="138" hits="28" branch="False" />
                <line number="139" hits="28" branch="False" />
                <line number="140" hits="16" branch="False" />
                <line number="142" hits="132" branch="True" condition-coverage="100% (2/2)">
                  <conditions>
                    <condition number="695" type="jump" coverage="100%" />
                  </conditions>
                </line>
                <line number="143" hits="6" branch="False" />
                <line number="144" hits="6" branch="False" />
                <line number="145" hits="6" branch="False" />
                <line number="147" hits="40" branch="False" />
                <line number="149" hits="40" branch="False" />
              </lines>
            </method>
          </methods>
          <lines>
            <line number="119" hits="40" branch="False" />
            <line number="120" hits="40" branch="False" />
            <line number="121" hits="140" branch="True" condition-coverage="100% (2/2)">
              <conditions>
                <condition number="215" type="jump" coverage="100%" />
              </conditions>
            </line>
            <line number="122" hits="10" branch="False" />
            <line number="123" hits="52" branch="True" condition-coverage="100% (2/2)">
              <conditions>
                <condition number="160" type="jump" coverage="100%" />
              </conditions>
            </line>
            <line number="124" hits="11" branch="False" />
            <line number="125" hits="11" branch="False" />
            <line number="126" hits="11" branch="False" />
            <line number="127" hits="10" branch="False" />
            <line number="129" hits="192" branch="True" condition-coverage="100% (2/2)">
              <conditions>
                <condition number="344" type="jump" coverage="100%" />
              </conditions>
            </line>
            <line number="130" hits="36" branch="False" />
            <line number="131" hits="36" branch="False" />
            <line number="132" hits="36" branch="False" />
            <line number="134" hits="152" branch="True" condition-coverage="100% (2/2)">
              <conditions>
                <condition number="566" type="jump" coverage="100%" />
              </conditions>
            </line>
            <line number="135" hits="16" branch="False" />
            <line number="136" hits="104" branch="True" condition-coverage="100% (2/2)">
              <conditions>
                <condition number="511" type="jump" coverage="100%" />
              </conditions>
            </line>
            <line number="137" hits="28" branch="False" />
            <line number="138" hits="28" branch="False" />
            <line number="139" hits="28" branch="False" />
            <line number="140" hits="16" branch="False" />
            <line number="142" hits="132" branch="True" condition-coverage="100% (2/2)">
              <conditions>
                <condition number="695" type="jump" coverage="100%" />
              </conditions>
            </line>
            <line number="143" hits="6" branch="False" />
            <line number="144" hits="6" branch="False" />
            <line number="145" hits="6" branch="False" />
            <line number="147" hits="40" branch="False" />
            <line number="149" hits="40" branch="False" />
          </lines>
        </class>
        <class name="KestrelMockServer.Services.InputMappingParser/&lt;ParsePathMappings&gt;d__2" filename="Services\InputMappingParser.cs" line-rate="0.9743" branch-rate="0.9333" complexity="30">
          <methods>
            <method name="MoveNext" signature="()" line-rate="0.9743" branch-rate="0.9333" complexity="30">
              <lines>
                <line number="24" hits="40" branch="False" />
                <line number="25" hits="40" branch="False" />
                <line number="27" hits="40" branch="True" condition-coverage="50% (2/4)">
                  <conditions>
                    <condition number="41" type="jump" coverage="50%" />
                    <condition number="57" type="jump" coverage="50%" />
                  </conditions>
                </line>
                <line number="28" hits="0" branch="False" />
                <line number="29" hits="0" branch="False" />
                <line number="32" hits="250" branch="True" condition-coverage="100% (2/2)">
                  <conditions>
                    <condition number="1337" type="jump" coverage="100%" />
                  </conditions>
                </line>
                <line number="33" hits="65" branch="False" />
                <line number="34" hits="65" branch="False" />
                <line number="36" hits="65" branch="True" condition-coverage="100% (2/2)">
                  <conditions>
                    <condition number="161" type="jump" coverage="100%" />
                  </conditions>
                </line>
                <line number="37" hits="31" branch="False" />
                <line number="38" hits="31" branch="True" condition-coverage="100% (6/6)">
                  <conditions>
                    <condition number="188" type="jump" coverage="100%" />
                    <condition number="211" type="jump" coverage="100%" />
                    <condition number="239" type="jump" coverage="100%" />
                  </conditions>
                </line>
                <line number="39" hits="31" branch="False" />
                <line number="40" hits="31" branch="False" />
                <line number="41" hits="11" branch="False" />
                <line number="42" hits="55" branch="True" condition-coverage="100% (2/2)">
                  <conditions>
                    <condition number="497" type="jump" coverage="100%" />
                  </conditions>
                </line>
                <line number="43" hits="11" branch="False" />
                <line number="44" hits="11" branch="False" />
                <line number="45" hits="11" branch="False" />
                <line number="46" hits="11" branch="False" />
                <line number="47" hits="11" branch="False" />
                <line number="48" hits="11" branch="False" />
                <line number="50" hits="11" branch="True" condition-coverage="100% (2/2)">
                  <conditions>
                    <condition number="369" type="jump" coverage="100%" />
                  </conditions>
                </line>
                <line number="51" hits="1" branch="False" />
                <line number="52" hits="1" branch="False" />
                <line number="53" hits="1" branch="False" />
                <line number="54" hits="1" branch="False" />
                <line number="56" hits="10" branch="False" />
                <line number="57" hits="10" branch="False" />
                <line number="58" hits="10" branch="False" />
                <line number="59" hits="11" branch="False" />
                <line number="60" hits="11" branch="False" />
                <line number="62" hits="20" branch="False" />
                <line number="63" hits="132" branch="True" condition-coverage="100% (2/2)">
                  <conditions>
                    <condition number="696" type="jump" coverage="100%" />
                  </conditions>
                </line>
                <line number="64" hits="36" branch="False" />
                <line number="65" hits="36" branch="False" />
                <line number="66" hits="36" branch="False" />
                <line number="67" hits="36" branch="False" />
                <line number="68" hits="36" branch="False" />
                <line number="69" hits="36" branch="False" />
                <line number="71" hits="36" branch="False" />
                <line number="72" hits="36" branch="False" />
                <line number="74" hits="20" branch="False" />
                <line number="75" hits="31" branch="False" />
                <line number="76" hits="34" branch="True" condition-coverage="100% (2/2)">
                  <conditions>
                    <condition number="770" type="jump" coverage="100%" />
                  </conditions>
                </line>
                <line number="77" hits="28" branch="False" />
                <line number="78" hits="140" branch="True" condition-coverage="100% (2/2)">
                  <conditions>
                    <condition number="1028" type="jump" coverage="100%" />
                  </conditions>
                </line>
                <line number="79" hits="28" branch="False" />
                <line number="80" hits="28" branch="False" />
                <line number="81" hits="28" branch="False" />
                <line number="82" hits="28" branch="False" />
                <line number="83" hits="28" branch="False" />
                <line number="84" hits="28" branch="False" />
                <line number="86" hits="28" branch="True" condition-coverage="100% (2/2)">
                  <conditions>
                    <condition number="900" type="jump" coverage="100%" />
                  </conditions>
                </line>
                <line number="87" hits="12" branch="False" />
                <line number="88" hits="12" branch="False" />
                <line number="89" hits="12" branch="False" />
                <line number="90" hits="12" branch="False" />
                <line number="92" hits="16" branch="False" />
                <line number="93" hits="16" branch="False" />
                <line number="94" hits="16" branch="False" />
                <line number="95" hits="28" branch="False" />
                <line number="96" hits="28" branch="False" />
                <line number="97" hits="6" branch="True" condition-coverage="100% (2/2)">
                  <conditions>
                    <condition number="1104" type="jump" coverage="100%" />
                  </conditions>
                </line>
                <line number="98" hits="6" branch="False" />
                <line number="99" hits="30" branch="True" condition-coverage="100% (2/2)">
                  <conditions>
                    <condition number="1266" type="jump" coverage="100%" />
                  </conditions>
                </line>
                <line number="100" hits="6" branch="False" />
                <line number="101" hits="6" branch="False" />
                <line number="102" hits="6" branch="False" />
                <line number="103" hits="6" branch="False" />
                <line number="104" hits="6" branch="False" />
                <line number="105" hits="6" branch="False" />
                <line number="107" hits="6" branch="False" />
                <line number="108" hits="6" branch="False" />
                <line number="109" hits="6" branch="False" />
                <line number="110" hits="65" branch="False" />
                <line number="112" hits="40" branch="False" />
                <line number="114" hits="40" branch="False" />
                <line number="115" hits="40" branch="False" />
              </lines>
            </method>
          </methods>
          <lines>
            <line number="24" hits="40" branch="False" />
            <line number="25" hits="40" branch="False" />
            <line number="27" hits="40" branch="True" condition-coverage="50% (2/4)">
              <conditions>
                <condition number="41" type="jump" coverage="50%" />
                <condition number="57" type="jump" coverage="50%" />
              </conditions>
            </line>
            <line number="28" hits="0" branch="False" />
            <line number="29" hits="0" branch="False" />
            <line number="32" hits="250" branch="True" condition-coverage="100% (2/2)">
              <conditions>
                <condition number="1337" type="jump" coverage="100%" />
              </conditions>
            </line>
            <line number="33" hits="65" branch="False" />
            <line number="34" hits="65" branch="False" />
            <line number="36" hits="65" branch="True" condition-coverage="100% (2/2)">
              <conditions>
                <condition number="161" type="jump" coverage="100%" />
              </conditions>
            </line>
            <line number="37" hits="31" branch="False" />
            <line number="38" hits="31" branch="True" condition-coverage="100% (6/6)">
              <conditions>
                <condition number="188" type="jump" coverage="100%" />
                <condition number="211" type="jump" coverage="100%" />
                <condition number="239" type="jump" coverage="100%" />
              </conditions>
            </line>
            <line number="39" hits="31" branch="False" />
            <line number="40" hits="31" branch="False" />
            <line number="41" hits="11" branch="False" />
            <line number="42" hits="55" branch="True" condition-coverage="100% (2/2)">
              <conditions>
                <condition number="497" type="jump" coverage="100%" />
              </conditions>
            </line>
            <line number="43" hits="11" branch="False" />
            <line number="44" hits="11" branch="False" />
            <line number="45" hits="11" branch="False" />
            <line number="46" hits="11" branch="False" />
            <line number="47" hits="11" branch="False" />
            <line number="48" hits="11" branch="False" />
            <line number="50" hits="11" branch="True" condition-coverage="100% (2/2)">
              <conditions>
                <condition number="369" type="jump" coverage="100%" />
              </conditions>
            </line>
            <line number="51" hits="1" branch="False" />
            <line number="52" hits="1" branch="False" />
            <line number="53" hits="1" branch="False" />
            <line number="54" hits="1" branch="False" />
            <line number="56" hits="10" branch="False" />
            <line number="57" hits="10" branch="False" />
            <line number="58" hits="10" branch="False" />
            <line number="59" hits="11" branch="False" />
            <line number="60" hits="11" branch="False" />
            <line number="62" hits="20" branch="False" />
            <line number="63" hits="132" branch="True" condition-coverage="100% (2/2)">
              <conditions>
                <condition number="696" type="jump" coverage="100%" />
              </conditions>
            </line>
            <line number="64" hits="36" branch="False" />
            <line number="65" hits="36" branch="False" />
            <line number="66" hits="36" branch="False" />
            <line number="67" hits="36" branch="False" />
            <line number="68" hits="36" branch="False" />
            <line number="69" hits="36" branch="False" />
            <line number="71" hits="36" branch="False" />
            <line number="72" hits="36" branch="False" />
            <line number="74" hits="20" branch="False" />
            <line number="75" hits="31" branch="False" />
            <line number="76" hits="34" branch="True" condition-coverage="100% (2/2)">
              <conditions>
                <condition number="770" type="jump" coverage="100%" />
              </conditions>
            </line>
            <line number="77" hits="28" branch="False" />
            <line number="78" hits="140" branch="True" condition-coverage="100% (2/2)">
              <conditions>
                <condition number="1028" type="jump" coverage="100%" />
              </conditions>
            </line>
            <line number="79" hits="28" branch="False" />
            <line number="80" hits="28" branch="False" />
            <line number="81" hits="28" branch="False" />
            <line number="82" hits="28" branch="False" />
            <line number="83" hits="28" branch="False" />
            <line number="84" hits="28" branch="False" />
            <line number="86" hits="28" branch="True" condition-coverage="100% (2/2)">
              <conditions>
                <condition number="900" type="jump" coverage="100%" />
              </conditions>
            </line>
            <line number="87" hits="12" branch="False" />
            <line number="88" hits="12" branch="False" />
            <line number="89" hits="12" branch="False" />
            <line number="90" hits="12" branch="False" />
            <line number="92" hits="16" branch="False" />
            <line number="93" hits="16" branch="False" />
            <line number="94" hits="16" branch="False" />
            <line number="95" hits="28" branch="False" />
            <line number="96" hits="28" branch="False" />
            <line number="97" hits="6" branch="True" condition-coverage="100% (2/2)">
              <conditions>
                <condition number="1104" type="jump" coverage="100%" />
              </conditions>
            </line>
            <line number="98" hits="6" branch="False" />
            <line number="99" hits="30" branch="True" condition-coverage="100% (2/2)">
              <conditions>
                <condition number="1266" type="jump" coverage="100%" />
              </conditions>
            </line>
            <line number="100" hits="6" branch="False" />
            <line number="101" hits="6" branch="False" />
            <line number="102" hits="6" branch="False" />
            <line number="103" hits="6" branch="False" />
            <line number="104" hits="6" branch="False" />
            <line number="105" hits="6" branch="False" />
            <line number="107" hits="6" branch="False" />
            <line number="108" hits="6" branch="False" />
            <line number="109" hits="6" branch="False" />
            <line number="110" hits="65" branch="False" />
            <line number="112" hits="40" branch="False" />
            <line number="114" hits="40" branch="False" />
            <line number="115" hits="40" branch="False" />
          </lines>
        </class>
        <class name="KestrelMockServer.Services.InputMappingParser/&lt;ReadBodyFromFile&gt;d__4" filename="Services\InputMappingParser.cs" line-rate="0.8461" branch-rate="0.8332999999999999" complexity="6">
          <methods>
            <method name="MoveNext" signature="()" line-rate="0.8461" branch-rate="0.8332999999999999" complexity="6">
              <lines>
                <line number="152" hits="81" branch="False" />
                <line number="153" hits="81" branch="True" condition-coverage="100% (4/4)">
                  <conditions>
                    <condition number="36" type="jump" coverage="100%" />
                    <condition number="64" type="jump" coverage="100%" />
                  </conditions>
                </line>
                <line number="154" hits="12" branch="False" />
                <line number="155" hits="12" branch="True" condition-coverage="50% (1/2)">
                  <conditions>
                    <condition number="93" type="jump" coverage="50%" />
                  </conditions>
                </line>
                <line number="156" hits="12" branch="False" />
                <line number="157" hits="12" branch="False" />
                <line number="159" hits="12" branch="False" />
                <line number="161" hits="12" branch="False" />
                <line number="162" hits="12" branch="False" />
                <line number="164" hits="0" branch="False" />
                <line number="165" hits="0" branch="False" />
                <line number="167" hits="12" branch="False" />
                <line number="168" hits="81" branch="False" />
              </lines>
            </method>
          </methods>
          <lines>
            <line number="152" hits="81" branch="False" />
            <line number="153" hits="81" branch="True" condition-coverage="100% (4/4)">
              <conditions>
                <condition number="36" type="jump" coverage="100%" />
                <condition number="64" type="jump" coverage="100%" />
              </conditions>
            </line>
            <line number="154" hits="12" branch="False" />
            <line number="155" hits="12" branch="True" condition-coverage="50% (1/2)">
              <conditions>
                <condition number="93" type="jump" coverage="50%" />
              </conditions>
            </line>
            <line number="156" hits="12" branch="False" />
            <line number="157" hits="12" branch="False" />
            <line number="159" hits="12" branch="False" />
            <line number="161" hits="12" branch="False" />
            <line number="162" hits="12" branch="False" />
            <line number="164" hits="0" branch="False" />
            <line number="165" hits="0" branch="False" />
            <line number="167" hits="12" branch="False" />
            <line number="168" hits="81" branch="False" />
          </lines>
        </class>
        <class name="KestrelMockServer.Services.MockService" filename="Services\MockService.cs" line-rate="0.9229999999999999" branch-rate="0.5" complexity="5">
          <methods>
            <method name="GetWatchGuid" signature="(Microsoft.AspNetCore.Http.HttpContext)" line-rate="0.8461" branch-rate="0.5" complexity="4">
              <lines>
                <line number="185" hits="2" branch="False" />
                <line number="186" hits="2" branch="False" />
                <line number="187" hits="2" branch="False" />
                <line number="188" hits="2" branch="False" />
                <line number="189" hits="2" branch="False" />
                <line number="190" hits="2" branch="True" condition-coverage="50% (1/2)">
                  <conditions>
                    <condition number="63" type="jump" coverage="50%" />
                  </conditions>
                </line>
                <line number="191" hits="2" branch="False" />
                <line number="192" hits="2" branch="True" condition-coverage="50% (1/2)">
                  <conditions>
                    <condition number="80" type="jump" coverage="50%" />
                  </conditions>
                </line>
                <line number="193" hits="2" branch="False" />
                <line number="194" hits="2" branch="False" />
                <line number="196" hits="0" branch="False" />
                <line number="198" hits="0" branch="False" />
                <line number="199" hits="2" branch="False" />
              </lines>
            </method>
            <method name=".ctor" signature="(Microsoft.Extensions.Options.IOptions`1&lt;KestrelMockServer.Settings.MockConfiguration&gt;,Microsoft.AspNetCore.Http.RequestDelegate,KestrelMockServer.Services.IInputMappingParser,KestrelMockServer.Services.IResponseMatcherService,KestrelMockServer.Services.IBodyWriterService)" line-rate="1" branch-rate="1" complexity="1">
              <lines>
                <line number="26" hits="40" branch="False" />
                <line number="28" hits="40" branch="False" />
                <line number="29" hits="40" branch="False" />
                <line number="30" hits="40" branch="False" />
                <line number="31" hits="40" branch="False" />
                <line number="32" hits="40" branch="False" />
                <line number="33" hits="40" branch="False" />
                <line number="34" hits="40" branch="False" />
                <line number="35" hits="40" branch="False" />
                <line number="36" hits="40" branch="False" />
                <line number="37" hits="40" branch="False" />
                <line number="38" hits="40" branch="False" />
                <line number="39" hits="40" branch="False" />
              </lines>
            </method>
          </methods>
          <lines>
            <line number="185" hits="2" branch="False" />
            <line number="186" hits="2" branch="False" />
            <line number="187" hits="2" branch="False" />
            <line number="188" hits="2" branch="False" />
            <line number="189" hits="2" branch="False" />
            <line number="190" hits="2" branch="True" condition-coverage="50% (1/2)">
              <conditions>
                <condition number="63" type="jump" coverage="50%" />
              </conditions>
            </line>
            <line number="191" hits="2" branch="False" />
            <line number="192" hits="2" branch="True" condition-coverage="50% (1/2)">
              <conditions>
                <condition number="80" type="jump" coverage="50%" />
              </conditions>
            </line>
            <line number="193" hits="2" branch="False" />
            <line number="194" hits="2" branch="False" />
            <line number="196" hits="0" branch="False" />
            <line number="198" hits="0" branch="False" />
            <line number="199" hits="2" branch="False" />
            <line number="26" hits="40" branch="False" />
            <line number="28" hits="40" branch="False" />
            <line number="29" hits="40" branch="False" />
            <line number="30" hits="40" branch="False" />
            <line number="31" hits="40" branch="False" />
            <line number="32" hits="40" branch="False" />
            <line number="33" hits="40" branch="False" />
            <line number="34" hits="40" branch="False" />
            <line number="35" hits="40" branch="False" />
            <line number="36" hits="40" branch="False" />
            <line number="37" hits="40" branch="False" />
            <line number="38" hits="40" branch="False" />
            <line number="39" hits="40" branch="False" />
          </lines>
        </class>
        <class name="KestrelMockServer.Services.MockService/&lt;&gt;c" filename="Services\MockService.cs" line-rate="1" branch-rate="1" complexity="1">
          <methods>
            <method name="&lt;InvokeAdminApi&gt;b__9_0" signature="(System.Collections.Generic.KeyValuePair`2&lt;System.String,KestrelMockServer.Settings.HttpMockSetting&gt;)" line-rate="1" branch-rate="1" complexity="1">
              <lines>
                <line number="133" hits="10" branch="False" />
              </lines>
            </method>
          </methods>
          <lines>
            <line number="133" hits="10" branch="False" />
          </lines>
        </class>
        <class name="KestrelMockServer.Services.MockService/&lt;Invoke&gt;d__7" filename="Services\MockService.cs" line-rate="1" branch-rate="1" complexity="4">
          <methods>
            <method name="MoveNext" signature="()" line-rate="1" branch-rate="1" complexity="4">
              <lines>
                <line number="42" hits="49" branch="False" />
                <line number="44" hits="49" branch="False" />
                <line number="45" hits="49" branch="True" condition-coverage="100% (2/2)">
                  <conditions>
                    <condition number="107" type="jump" coverage="100%" />
                  </conditions>
                </line>
                <line number="46" hits="6" branch="False" />
                <line number="47" hits="6" branch="False" />
                <line number="48" hits="6" branch="False" />
                <line number="49" hits="43" branch="True" condition-coverage="100% (2/2)">
                  <conditions>
                    <condition number="273" type="jump" coverage="100%" />
                  </conditions>
                </line>
                <line number="50" hits="2" branch="False" />
                <line number="51" hits="2" branch="False" />
                <line number="52" hits="2" branch="False" />
                <line number="54" hits="41" branch="False" />
                <line number="55" hits="41" branch="False" />
                <line number="56" hits="40" branch="False" />
                <line number="58" hits="48" branch="False" />
                <line number="59" hits="1" branch="False" />
                <line number="60" hits="1" branch="False" />
                <line number="61" hits="1" branch="False" />
                <line number="63" hits="1" branch="False" />
                <line number="64" hits="1" branch="False" />
                <line number="65" hits="1" branch="False" />
                <line number="66" hits="1" branch="False" />
                <line number="68" hits="1" branch="False" />
                <line number="69" hits="1" branch="False" />
                <line number="73" hits="49" branch="False" />
              </lines>
            </method>
          </methods>
          <lines>
            <line number="42" hits="49" branch="False" />
            <line number="44" hits="49" branch="False" />
            <line number="45" hits="49" branch="True" condition-coverage="100% (2/2)">
              <conditions>
                <condition number="107" type="jump" coverage="100%" />
              </conditions>
            </line>
            <line number="46" hits="6" branch="False" />
            <line number="47" hits="6" branch="False" />
            <line number="48" hits="6" branch="False" />
            <line number="49" hits="43" branch="True" condition-coverage="100% (2/2)">
              <conditions>
                <condition number="273" type="jump" coverage="100%" />
              </conditions>
            </line>
            <line number="50" hits="2" branch="False" />
            <line number="51" hits="2" branch="False" />
            <line number="52" hits="2" branch="False" />
            <line number="54" hits="41" branch="False" />
            <line number="55" hits="41" branch="False" />
            <line number="56" hits="40" branch="False" />
            <line number="58" hits="48" branch="False" />
            <line number="59" hits="1" branch="False" />
            <line number="60" hits="1" branch="False" />
            <line number="61" hits="1" branch="False" />
            <line number="63" hits="1" branch="False" />
            <line number="64" hits="1" branch="False" />
            <line number="65" hits="1" branch="False" />
            <line number="66" hits="1" branch="False" />
            <line number="68" hits="1" branch="False" />
            <line number="69" hits="1" branch="False" />
            <line number="73" hits="49" branch="False" />
          </lines>
        </class>
        <class name="KestrelMockServer.Services.MockService/&lt;InvokeAdminApi&gt;d__9" filename="Services\MockService.cs" line-rate="0.8965000000000001" branch-rate="0.9166" complexity="12">
          <methods>
            <method name="MoveNext" signature="()" line-rate="0.8965000000000001" branch-rate="0.9166" complexity="12">
              <lines>
                <line number="128" hits="6" branch="True" condition-coverage="100% (2/2)">
                  <conditions>
                    <condition number="16" type="jump" coverage="100%" />
                  </conditions>
                </line>
                <line number="130" hits="6" branch="True" condition-coverage="100% (2/2)">
                  <conditions>
                    <condition number="59" type="jump" coverage="100%" />
                  </conditions>
                </line>
                <line number="131" hits="4" branch="False" />
                <line number="132" hits="4" branch="False" />
                <line number="134" hits="4" branch="False" />
                <line number="135" hits="2" branch="True" condition-coverage="100% (2/2)">
                  <conditions>
                    <condition number="293" type="jump" coverage="100%" />
                  </conditions>
                </line>
                <line number="136" hits="1" branch="False" />
                <line number="137" hits="1" branch="False" />
                <line number="138" hits="1" branch="False" />
                <line number="139" hits="1" branch="False" />
                <line number="140" hits="1" branch="False" />
                <line number="141" hits="1" branch="False" />
                <line number="142" hits="1" branch="False" />
                <line number="143" hits="1" branch="True" condition-coverage="100% (2/2)">
                  <conditions>
                    <condition number="748" type="jump" coverage="100%" />
                  </conditions>
                </line>
                <line number="144" hits="1" branch="False" />
                <line number="145" hits="1" branch="False" />
                <line number="146" hits="1" branch="False" />
                <line number="148" hits="1" branch="False" />
                <line number="150" hits="1" branch="True" condition-coverage="100% (2/2)">
                  <conditions>
                    <condition number="865" type="jump" coverage="100%" />
                  </conditions>
                </line>
                <line number="151" hits="1" branch="False" />
                <line number="152" hits="1" branch="True" condition-coverage="50% (1/2)">
                  <conditions>
                    <condition number="886" type="jump" coverage="50%" />
                  </conditions>
                </line>
                <line number="153" hits="0" branch="False" />
                <line number="154" hits="0" branch="False" />
                <line number="155" hits="0" branch="False" />
                <line number="157" hits="1" branch="False" />
                <line number="158" hits="1" branch="False" />
                <line number="159" hits="1" branch="False" />
                <line number="161" hits="6" branch="False" />
                <line number="162" hits="6" branch="False" />
              </lines>
            </method>
          </methods>
          <lines>
            <line number="128" hits="6" branch="True" condition-coverage="100% (2/2)">
              <conditions>
                <condition number="16" type="jump" coverage="100%" />
              </conditions>
            </line>
            <line number="130" hits="6" branch="True" condition-coverage="100% (2/2)">
              <conditions>
                <condition number="59" type="jump" coverage="100%" />
              </conditions>
            </line>
            <line number="131" hits="4" branch="False" />
            <line number="132" hits="4" branch="False" />
            <line number="134" hits="4" branch="False" />
            <line number="135" hits="2" branch="True" condition-coverage="100% (2/2)">
              <conditions>
                <condition number="293" type="jump" coverage="100%" />
              </conditions>
            </line>
            <line number="136" hits="1" branch="False" />
            <line number="137" hits="1" branch="False" />
            <line number="138" hits="1" branch="False" />
            <line number="139" hits="1" branch="False" />
            <line number="140" hits="1" branch="False" />
            <line number="141" hits="1" branch="False" />
            <line number="142" hits="1" branch="False" />
            <line number="143" hits="1" branch="True" condition-coverage="100% (2/2)">
              <conditions>
                <condition number="748" type="jump" coverage="100%" />
              </conditions>
            </line>
            <line number="144" hits="1" branch="False" />
            <line number="145" hits="1" branch="False" />
            <line number="146" hits="1" branch="False" />
            <line number="148" hits="1" branch="False" />
            <line number="150" hits="1" branch="True" condition-coverage="100% (2/2)">
              <conditions>
                <condition number="865" type="jump" coverage="100%" />
[...]
              </conditions>
            </line>
            <line number="23" hits="1" branch="False" />
            <line number="25" hits="1" branch="False" />
            <line number="28" hits="20" branch="False" />
            <line number="29" hits="20" branch="False" />
            <line number="31" hits="9" branch="False" />
            <line number="32" hits="9" branch="False" />
            <line number="35" hits="21" branch="False" />
            <line number="36" hits="21" branch="True" condition-coverage="100% (2/2)">
              <conditions>
                <condition number="8" type="jump" coverage="100%" />
              </conditions>
            </line>
            <line number="37" hits="21" branch="False" />
          </lines>
        </class>
        <class name="KestrelMockServer.Domain.InputMappings" filename="Domain\InputMappings.cs" line-rate="1" branch-rate="1" complexity="4">
          <methods>
            <method name="get_PathMapping" signature="()" line-rate="1" branch-rate="1" complexity="1">
              <lines>
                <line number="5" hits="172" branch="False" />
              </lines>
            </method>
            <method name="get_PathStartsWithMapping" signature="()" line-rate="1" branch-rate="1" complexity="1">
              <lines>
                <line number="6" hits="200" branch="False" />
              </lines>
            </method>
            <method name="get_BodyCheckMapping" signature="()" line-rate="1" branch-rate="1" complexity="1">
              <lines>
                <line number="7" hits="123" branch="False" />
              </lines>
            </method>
            <method name="get_PathMatchesRegexMapping" signature="()" line-rate="1" branch-rate="1" complexity="1">
              <lines>
                <line number="8" hits="118" branch="False" />
              </lines>
            </method>
          </methods>
          <lines>
            <line number="5" hits="172" branch="False" />
            <line number="6" hits="200" branch="False" />
            <line number="7" hits="123" branch="False" />
            <line number="8" hits="118" branch="False" />
          </lines>
        </class>
        <class name="KestrelMockServer.Domain.PathMappingKey" filename="Domain\PathMappingKey.cs" line-rate="1" branch-rate="0.5" complexity="7">
          <methods>
            <method name="get_Path" signature="()" line-rate="1" branch-rate="1" complexity="1">
              <lines>
                <line number="7" hits="314" branch="False" />
              </lines>
            </method>
            <method name="get_Method" signature="()" line-rate="1" branch-rate="1" complexity="1">
              <lines>
                <line number="9" hits="314" branch="False" />
              </lines>
            </method>
            <method name="Equals" signature="(System.Object)" line-rate="1" branch-rate="0.5" complexity="4">
              <lines>
                <line number="12" hits="46" branch="False" />
                <line number="13" hits="46" branch="True" condition-coverage="50% (2/4)">
                  <conditions>
                    <condition number="9" type="jump" coverage="50%" />
                    <condition number="28" type="jump" coverage="50%" />
                  </conditions>
                </line>
                <line number="14" hits="46" branch="False" />
                <line number="15" hits="46" branch="False" />
                <line number="16" hits="46" branch="False" />
              </lines>
            </method>
            <method name="GetHashCode" signature="()" line-rate="1" branch-rate="1" complexity="1">
              <lines>
                <line number="19" hits="135" branch="False" />
                <line number="20" hits="135" branch="False" />
                <line number="21" hits="135" branch="False" />
                <line number="22" hits="135" branch="False" />
                <line number="23" hits="135" branch="False" />
                <line number="24" hits="135" branch="False" />
              </lines>
            </method>
          </methods>
          <lines>
            <line number="7" hits="314" branch="False" />
            <line number="9" hits="314" branch="False" />
            <line number="12" hits="46" branch="False" />
            <line number="13" hits="46" branch="True" condition-coverage="50% (2/4)">
              <conditions>
                <condition number="9" type="jump" coverage="50%" />
                <condition number="28" type="jump" coverage="50%" />
              </conditions>
            </line>
            <line number="14" hits="46" branch="False" />
            <line number="15" hits="46" branch="False" />
            <line number="16" hits="46" branch="False" />
            <line number="19" hits="135" branch="False" />
            <line number="20" hits="135" branch="False" />
            <line number="21" hits="135" branch="False" />
            <line number="22" hits="135" branch="False" />
            <line number="23" hits="135" branch="False" />
            <line number="24" hits="135" branch="False" />
          </lines>
        </class>
        <class name="KestrelMockServer.Domain.PathMappingRegexKey" filename="Domain\PathMappingRegexKey.cs" line-rate="0.6153" branch-rate="0" complexity="7">
          <methods>
            <method name="get_Regex" signature="()" line-rate="1" branch-rate="1" complexity="1">
              <lines>
                <line number="8" hits="18" branch="False" />
              </lines>
            </method>
            <method name="get_Method" signature="()" line-rate="1" branch-rate="1" complexity="1">
              <lines>
                <line number="10" hits="12" branch="False" />
              </lines>
            </method>
            <method name="Equals" signature="(System.Object)" line-rate="0" branch-rate="0" complexity="4">
              <lines>
                <line number="13" hits="0" branch="False" />
                <line number="14" hits="0" branch="True" condition-coverage="0% (0/4)">
                  <conditions>
                    <condition number="9" type="jump" coverage="0%" />
                    <condition number="33" type="jump" coverage="0%" />
                  </conditions>
                </line>
                <line number="15" hits="0" branch="False" />
                <line number="16" hits="0" branch="False" />
                <line number="17" hits="0" branch="False" />
              </lines>
            </method>
            <method name="GetHashCode" signature="()" line-rate="1" branch-rate="1" complexity="1">
              <lines>
                <line number="20" hits="6" branch="False" />
                <line number="21" hits="6" branch="False" />
                <line number="22" hits="6" branch="False" />
                <line number="23" hits="6" branch="False" />
                <line number="24" hits="6" branch="False" />
                <line number="25" hits="6" branch="False" />
              </lines>
            </method>
          </methods>
          <lines>
            <line number="8" hits="18" branch="False" />
            <line number="10" hits="12" branch="False" />
            <line number="13" hits="0" branch="False" />
            <line number="14" hits="0" branch="True" condition-coverage="0% (0/4)">
              <conditions>
                <condition number="9" type="jump" coverage="0%" />
                <condition number="33" type="jump" coverage="0%" />
              </conditions>
            </line>
            <line number="15" hits="0" branch="False" />
            <line number="16" hits="0" branch="False" />
            <line number="17" hits="0" branch="False" />
            <line number="20" hits="6" branch="False" />
            <line number="21" hits="6" branch="False" />
            <line number="22" hits="6" branch="False" />
            <line number="23" hits="6" branch="False" />
            <line number="24" hits="6" branch="False" />
            <line number="25" hits="6" branch="False" />
          </lines>
        </class>
        <class name="KestrelMockServer.Domain.PathStartsWithMappingKey" filename="Domain\PathStartsWithMappingKey.cs" line-rate="1" branch-rate="0.5" complexity="7">
          <methods>
            <method name="get_PathStartsWith" signature="()" line-rate="1" branch-rate="1" complexity="1">
              <lines>
                <line number="7" hits="164" branch="False" />
              </lines>
            </method>
            <method name="get_Method" signature="()" line-rate="1" branch-rate="1" complexity="1">
              <lines>
                <line number="9" hits="132" branch="False" />
              </lines>
            </method>
            <method name="Equals" signature="(System.Object)" line-rate="1" branch-rate="0.5" complexity="4">
              <lines>
                <line number="12" hits="24" branch="False" />
                <line number="13" hits="24" branch="True" condition-coverage="50% (2/4)">
                  <conditions>
                    <condition number="9" type="jump" coverage="50%" />
                    <condition number="28" type="jump" coverage="50%" />
                  </conditions>
                </line>
                <line number="14" hits="24" branch="False" />
                <line number="15" hits="24" branch="False" />
                <line number="16" hits="24" branch="False" />
              </lines>
            </method>
            <method name="GetHashCode" signature="()" line-rate="1" branch-rate="1" complexity="1">
              <lines>
                <line number="19" hits="56" branch="False" />
                <line number="20" hits="56" branch="False" />
                <line number="21" hits="56" branch="False" />
                <line number="22" hits="56" branch="False" />
                <line number="23" hits="56" branch="False" />
                <line number="24" hits="56" branch="False" />
              </lines>
            </method>
          </methods>
          <lines>
            <line number="7" hits="164" branch="False" />
            <line number="9" hits="132" branch="False" />
            <line number="12" hits="24" branch="False" />
            <line number="13" hits="24" branch="True" condition-coverage="50% (2/4)">
              <conditions>
                <condition number="9" type="jump" coverage="50%" />
                <condition number="28" type="jump" coverage="50%" />
              </conditions>
            </line>
            <line number="14" hits="24" branch="False" />
            <line number="15" hits="24" branch="False" />
            <line number="16" hits="24" branch="False" />
            <line number="19" hits="56" branch="False" />
            <line number="20" hits="56" branch="False" />
            <line number="21" hits="56" branch="False" />
            <line number="22" hits="56" branch="False" />
            <line number="23" hits="56" branch="False" />
            <line number="24" hits="56" branch="False" />
          </lines>
        </class>
        <class name="KestrelMockServer.Domain.Watcher" filename="Domain\Watcher.cs" line-rate="0.7187" branch-rate="0.6" complexity="11">
          <methods>
            <method name="Log" signature="(System.String,System.String,System.String,KestrelMockServer.Settings.Watch)" line-rate="0.75" branch-rate="0.75" complexity="4">
              <lines>
                <line number="13" hits="1" branch="False" />
                <line number="14" hits="1" branch="False" />
                <line number="16" hits="1" branch="True" condition-coverage="100% (2/2)">
                  <conditions>
                    <condition number="33" type="jump" coverage="100%" />
                  </conditions>
                </line>
                <line number="17" hits="1" branch="False" />
                <line number="18" hits="1" branch="False" />
                <line number="19" hits="1" branch="False" />
                <line number="21" hits="1" branch="False" />
                <line number="22" hits="1" branch="True" condition-coverage="50% (1/2)">
                  <conditions>
                    <condition number="120" type="jump" coverage="50%" />
                  </conditions>
                </line>
                <line number="23" hits="0" branch="False" />
                <line number="24" hits="0" branch="False" />
                <line number="25" hits="0" branch="False" />
                <line number="26" hits="1" branch="False" />
              </lines>
            </method>
            <method name="GetWatchLogs" signature="(System.Guid)" line-rate="1" branch-rate="0.5" complexity="2">
              <lines>
                <line number="29" hits="2" branch="False" />
                <line number="30" hits="2" branch="True" condition-coverage="50% (1/2)">
                  <conditions>
                    <condition number="13" type="jump" coverage="50%" />
                  </conditions>
                </line>
                <line number="31" hits="2" branch="False" />
                <line number="32" hits="2" branch="False" />
                <line number="33" hits="2" branch="False" />
              </lines>
            </method>
            <method name="DequeueAll" signature="(System.Collections.Generic.Queue`1&lt;KestrelMockServer.Domain.WatchLog&gt;)" line-rate="1" branch-rate="1" complexity="2">
              <lines>
                <line number="36" hits="2" branch="False" />
                <line number="37" hits="2" branch="False" />
                <line number="39" hits="3" branch="True" condition-coverage="100% (2/2)">
                  <conditions>
                    <condition number="35" type="jump" coverage="100%" />
                  </conditions>
                </line>
                <line number="40" hits="1" branch="False" />
                <line number="41" hits="1" branch="False" />
                <line number="42" hits="1" branch="False" />
                <line number="44" hits="2" branch="False" />
                <line number="45" hits="2" branch="False" />
              </lines>
            </method>
            <method name="Remove" signature="(System.Guid)" line-rate="0" branch-rate="0" complexity="2">
              <lines>
                <line number="48" hits="0" branch="False" />
                <line number="49" hits="0" branch="True" condition-coverage="0% (0/2)">
                  <conditions>
                    <condition number="15" type="jump" coverage="0%" />
                  </conditions>
                </line>
                <line number="50" hits="0" branch="False" />
                <line number="51" hits="0" branch="False" />
                <line number="52" hits="0" branch="False" />
                <line number="53" hits="0" branch="False" />
              </lines>
            </method>
            <method name=".ctor" signature="()" line-rate="1" branch-rate="1" complexity="1">
              <lines>
                <line number="10" hits="40" branch="False" />
              </lines>
            </method>
          </methods>
          <lines>
            <line number="13" hits="1" branch="False" />
            <line number="14" hits="1" branch="False" />
            <line number="16" hits="1" branch="True" condition-coverage="100% (2/2)">
              <conditions>
                <condition number="33" type="jump" coverage="100%" />
              </conditions>
            </line>
            <line number="17" hits="1" branch="False" />
            <line number="18" hits="1" branch="False" />
            <line number="19" hits="1" branch="False" />
            <line number="21" hits="1" branch="False" />
            <line number="22" hits="1" branch="True" condition-coverage="50% (1/2)">
              <conditions>
                <condition number="120" type="jump" coverage="50%" />
              </conditions>
            </line>
            <line number="23" hits="0" branch="False" />
            <line number="24" hits="0" branch="False" />
            <line number="25" hits="0" branch="False" />
            <line number="26" hits="1" branch="False" />
            <line number="29" hits="2" branch="False" />
            <line number="30" hits="2" branch="True" condition-coverage="50% (1/2)">
              <conditions>
                <condition number="13" type="jump" coverage="50%" />
              </conditions>
            </line>
            <line number="31" hits="2" branch="False" />
            <line number="32" hits="2" branch="False" />
            <line number="33" hits="2" branch="False" />
            <line number="36" hits="2" branch="False" />
            <line number="37" hits="2" branch="False" />
            <line number="39" hits="3" branch="True" condition-coverage="100% (2/2)">
              <conditions>
                <condition number="35" type="jump" coverage="100%" />
              </conditions>
            </line>
            <line number="40" hits="1" branch="False" />
            <line number="41" hits="1" branch="False" />
            <line number="42" hits="1" branch="False" />
            <line number="44" hits="2" branch="False" />
            <line number="45" hits="2" branch="False" />
            <line number="48" hits="0" branch="False" />
            <line number="49" hits="0" branch="True" condition-coverage="0% (0/2)">
              <conditions>
                <condition number="15" type="jump" coverage="0%" />
              </conditions>
            </line>
            <line number="50" hits="0" branch="False" />
            <line number="51" hits="0" branch="False" />
            <line number="52" hits="0" branch="False" />
            <line number="53" hits="0" branch="False" />
            <line number="10" hits="40" branch="False" />
          </lines>
        </class>
        <class name="KestrelMockServer.Domain.WatchLog" filename="Domain\WatchLog.cs" line-rate="1" branch-rate="1" complexity="4">
          <methods>
            <method name="get_Path" signature="()" line-rate="1" branch-rate="1" complexity="1">
              <lines>
                <line number="12" hits="1" branch="False" />
              </lines>
            </method>
            <method name="get_Body" signature="()" line-rate="1" branch-rate="1" complexity="1">
              <lines>
                <line number="14" hits="1" branch="False" />
              </lines>
            </method>
            <method name="get_Method" signature="()" line-rate="1" branch-rate="1" complexity="1">
              <lines>
                <line number="16" hits="1" branch="False" />
              </lines>
            </method>
            <method name=".ctor" signature="(System.String,System.String,System.String)" line-rate="1" branch-rate="1" complexity="1">
              <lines>
                <line number="5" hits="1" branch="False" />
                <line number="6" hits="1" branch="False" />
                <line number="7" hits="1" branch="False" />
                <line number="8" hits="1" branch="False" />
                <line number="9" hits="1" branch="False" />
                <line number="10" hits="1" branch="False" />
              </lines>
            </method>
          </methods>
          <lines>
            <line number="12" hits="1" branch="False" />
            <line number="14" hits="1" branch="False" />
            <line number="16" hits="1" branch="False" />
            <line number="5" hits="1" branch="False" />
            <line number="6" hits="1" branch="False" />
            <line number="7" hits="1" branch="False" />
            <line number="8" hits="1" branch="False" />
            <line number="9" hits="1" branch="False" />
            <line number="10" hits="1" branch="False" />
          </lines>
        </class>
      </classes>
    </package>
  </packages>
</coverage>